# JRE version: Java(TM) SE Runtime Environment (8.0_202-b08) (build 1.8.0_202-b08)
# Java VM: Java HotSpot(TM) 64-Bit Server VM (25.202-b08 mixed mode windows-amd64 compressed oops)
Heap:
 PSYoungGen      total 225792K, used 129615K [0x00000000eb700000, 0x00000000ff400000, 0x0000000100000000)
  eden space 215040K, 60% used [0x00000000eb700000,0x00000000f3593c80,0x00000000f8900000)
  from space 10752K, 0% used [0x00000000f8900000,0x00000000f8900000,0x00000000f9380000)
  to   space 10752K, 0% used [0x00000000fe980000,0x00000000fe980000,0x00000000ff400000)
 ParOldGen       total 57856K, used 26623K [0x00000000c2400000, 0x00000000c5c80000, 0x00000000eb700000)
  object space 57856K, 46% used [0x00000000c2400000,0x00000000c3dffc10,0x00000000c5c80000)
 Metaspace       used 57722K, capacity 61462K, committed 61568K, reserved 1101824K
  class space    used 7576K, capacity 8249K, committed 8320K, reserved 1048576K
GC Heap History (10 events):
Event: 22.889 GC heap before
{Heap before GC invocations=14 (full 2):
 PSYoungGen      total 157696K, used 7631K [0x00000000eb700000, 0x00000000f5e00000, 0x0000000100000000)
  eden space 149504K, 0% used [0x00000000eb700000,0x00000000eb700000,0x00000000f4900000)
  from space 8192K, 93% used [0x00000000f5200000,0x00000000f5973c38,0x00000000f5a00000)
  to   space 9216K, 0% used [0x00000000f4900000,0x00000000f4900000,0x00000000f5200000)
 ParOldGen       total 27648K, used 13501K [0x00000000c2400000, 0x00000000c3f00000, 0x00000000eb700000)
  object space 27648K, 48% used [0x00000000c2400000,0x00000000c312f538,0x00000000c3f00000)
 Metaspace       used 33389K, capacity 35380K, committed 35496K, reserved 1079296K
  class space    used 4385K, capacity 4788K, committed 4864K, reserved 1048576K
Event: 22.985 GC heap after
Heap after GC invocations=14 (full 2):
 PSYoungGen      total 157696K, used 0K [0x00000000eb700000, 0x00000000f5e00000, 0x0000000100000000)
  eden space 149504K, 0% used [0x00000000eb700000,0x00000000eb700000,0x00000000f4900000)
  from space 8192K, 0% used [0x00000000f5200000,0x00000000f5200000,0x00000000f5a00000)
  to   space 9216K, 0% used [0x00000000f4900000,0x00000000f4900000,0x00000000f5200000)
 ParOldGen       total 43520K, used 18441K [0x00000000c2400000, 0x00000000c4e80000, 0x00000000eb700000)
  object space 43520K, 42% used [0x00000000c2400000,0x00000000c3602430,0x00000000c4e80000)
 Metaspace       used 33389K, capacity 35380K, committed 35496K, reserved 1079296K
  class space    used 4385K, capacity 4788K, committed 4864K, reserved 1048576K
}
Event: 26.276 GC heap before
{Heap before GC invocations=15 (full 2):
 PSYoungGen      total 157696K, used 149504K [0x00000000eb700000, 0x00000000f5e00000, 0x0000000100000000)
  eden space 149504K, 100% used [0x00000000eb700000,0x00000000f4900000,0x00000000f4900000)
  from space 8192K, 0% used [0x00000000f5200000,0x00000000f5200000,0x00000000f5a00000)
  to   space 9216K, 0% used [0x00000000f4900000,0x00000000f4900000,0x00000000f5200000)
 ParOldGen       total 43520K, used 18441K [0x00000000c2400000, 0x00000000c4e80000, 0x00000000eb700000)
  object space 43520K, 42% used [0x00000000c2400000,0x00000000c3602430,0x00000000c4e80000)
 Metaspace       used 45172K, capacity 47624K, committed 47872K, reserved 1091584K
  class space    used 6097K, capacity 6569K, committed 6656K, reserved 1048576K
Event: 26.334 GC heap after
Heap after GC invocations=15 (full 2):
 PSYoungGen      total 158720K, used 9199K [0x00000000eb700000, 0x00000000fa200000, 0x0000000100000000)
  eden space 149504K, 0% used [0x00000000eb700000,0x00000000eb700000,0x00000000f4900000)
  from space 9216K, 99% used [0x00000000f4900000,0x00000000f51fbef8,0x00000000f5200000)
  to   space 10752K, 0% used [0x00000000f9780000,0x00000000f9780000,0x00000000fa200000)
 ParOldGen       total 43520K, used 19765K [0x00000000c2400000, 0x00000000c4e80000, 0x00000000eb700000)
  object space 43520K, 45% used [0x00000000c2400000,0x00000000c374d448,0x00000000c4e80000)
 Metaspace       used 45172K, capacity 47624K, committed 47872K, reserved 1091584K
  class space    used 6097K, capacity 6569K, committed 6656K, reserved 1048576K
}
Event: 35.723 GC heap before
{Heap before GC invocations=16 (full 2):
 PSYoungGen      total 158720K, used 158703K [0x00000000eb700000, 0x00000000fa200000, 0x0000000100000000)
  eden space 149504K, 100% used [0x00000000eb700000,0x00000000f4900000,0x00000000f4900000)
  from space 9216K, 99% used [0x00000000f4900000,0x00000000f51fbef8,0x00000000f5200000)
  to   space 10752K, 0% used [0x00000000f9780000,0x00000000f9780000,0x00000000fa200000)
 ParOldGen       total 43520K, used 19765K [0x00000000c2400000, 0x00000000c4e80000, 0x00000000eb700000)
  object space 43520K, 45% used [0x00000000c2400000,0x00000000c374d448,0x00000000c4e80000)
 Metaspace       used 48297K, capacity 51238K, committed 51456K, reserved 1093632K
  class space    used 6499K, capacity 7042K, committed 7168K, reserved 1048576K
Event: 35.737 GC heap after
Heap after GC invocations=16 (full 2):
 PSYoungGen      total 221184K, used 6407K [0x00000000eb700000, 0x00000000f9e00000, 0x0000000100000000)
  eden space 214528K, 0% used [0x00000000eb700000,0x00000000eb700000,0x00000000f8880000)
  from space 6656K, 96% used [0x00000000f9780000,0x00000000f9dc1fd8,0x00000000f9e00000)
  to   space 10752K, 0% used [0x00000000f8900000,0x00000000f8900000,0x00000000f9380000)
 ParOldGen       total 43520K, used 22587K [0x00000000c2400000, 0x00000000c4e80000, 0x00000000eb700000)
  object space 43520K, 51% used [0x00000000c2400000,0x00000000c3a0ed90,0x00000000c4e80000)
 Metaspace       used 48297K, capacity 51238K, committed 51456K, reserved 1093632K
  class space    used 6499K, capacity 7042K, committed 7168K, reserved 1048576K
}
Event: 103.974 GC heap before
{Heap before GC invocations=17 (full 2):
 PSYoungGen      total 221184K, used 87680K [0x00000000eb700000, 0x00000000f9e00000, 0x0000000100000000)
  eden space 214528K, 37% used [0x00000000eb700000,0x00000000f065e320,0x00000000f8880000)
  from space 6656K, 96% used [0x00000000f9780000,0x00000000f9dc1fd8,0x00000000f9e00000)
  to   space 10752K, 0% used [0x00000000f8900000,0x00000000f8900000,0x00000000f9380000)
 ParOldGen       total 43520K, used 22587K [0x00000000c2400000, 0x00000000c4e80000, 0x00000000eb700000)
  object space 43520K, 51% used [0x00000000c2400000,0x00000000c3a0ed90,0x00000000c4e80000)
 Metaspace       used 55917K, capacity 59058K, committed 59136K, reserved 1099776K
  class space    used 7321K, capacity 7897K, committed 7936K, reserved 1048576K
Event: 104.576 GC heap after
Heap after GC invocations=17 (full 2):
 PSYoungGen      total 225792K, used 6791K [0x00000000eb700000, 0x00000000ff400000, 0x0000000100000000)
  eden space 215040K, 0% used [0x00000000eb700000,0x00000000eb700000,0x00000000f8900000)
  from space 10752K, 63% used [0x00000000f8900000,0x00000000f8fa1fc0,0x00000000f9380000)
  to   space 10752K, 0% used [0x00000000fe980000,0x00000000fe980000,0x00000000ff400000)
 ParOldGen       total 43520K, used 26603K [0x00000000c2400000, 0x00000000c4e80000, 0x00000000eb700000)
  object space 43520K, 61% used [0x00000000c2400000,0x00000000c3dfade0,0x00000000c4e80000)
 Metaspace       used 55917K, capacity 59058K, committed 59136K, reserved 1099776K
  class space    used 7321K, capacity 7897K, committed 7936K, reserved 1048576K
}
Event: 104.578 GC heap before
{Heap before GC invocations=18 (full 3):
 PSYoungGen      total 225792K, used 6791K [0x00000000eb700000, 0x00000000ff400000, 0x0000000100000000)
  eden space 215040K, 0% used [0x00000000eb700000,0x00000000eb700000,0x00000000f8900000)
  from space 10752K, 63% used [0x00000000f8900000,0x00000000f8fa1fc0,0x00000000f9380000)
  to   space 10752K, 0% used [0x00000000fe980000,0x00000000fe980000,0x00000000ff400000)
 ParOldGen       total 43520K, used 26603K [0x00000000c2400000, 0x00000000c4e80000, 0x00000000eb700000)
  object space 43520K, 61% used [0x00000000c2400000,0x00000000c3dfade0,0x00000000c4e80000)
 Metaspace       used 55917K, capacity 59058K, committed 59136K, reserved 1099776K
  class space    used 7321K, capacity 7897K, committed 7936K, reserved 1048576K
Event: 105.729 GC heap after
Heap after GC invocations=18 (full 3):
 PSYoungGen      total 225792K, used 0K [0x00000000eb700000, 0x00000000ff400000, 0x0000000100000000)
  eden space 215040K, 0% used [0x00000000eb700000,0x00000000eb700000,0x00000000f8900000)
  from space 10752K, 0% used [0x00000000f8900000,0x00000000f8900000,0x00000000f9380000)
  to   space 10752K, 0% used [0x00000000fe980000,0x00000000fe980000,0x00000000ff400000)
 ParOldGen       total 57856K, used 26623K [0x00000000c2400000, 0x00000000c5c80000, 0x00000000eb700000)
  object space 57856K, 46% used [0x00000000c2400000,0x00000000c3dffc10,0x00000000c5c80000)
 Metaspace       used 55917K, capacity 59058K, committed 59136K, reserved 1099776K
  class space    used 7321K, capacity 7897K, committed 7936K, reserved 1048576K
}

